<?xml version="1.0" encoding="UTF-8"?>

<mule xmlns:xsi="http://www.w3.org/2001/XMLSchema-instance"
	xmlns:munit="http://www.mulesoft.org/schema/mule/munit" xmlns:munit-tools="http://www.mulesoft.org/schema/mule/munit-tools"
	xmlns="http://www.mulesoft.org/schema/mule/core" xmlns:doc="http://www.mulesoft.org/schema/mule/documentation"
	xsi:schemaLocation="
		http://www.mulesoft.org/schema/mule/core http://www.mulesoft.org/schema/mule/core/current/mule.xsd
		http://www.mulesoft.org/schema/mule/munit http://www.mulesoft.org/schema/mule/munit/current/mule-munit.xsd
		http://www.mulesoft.org/schema/mule/munit-tools  http://www.mulesoft.org/schema/mule/munit-tools/current/mule-munit-tools.xsd">
	<munit:config name="new-test-suite.xml" />
	<munit:test name="new-test-suite-get:\(transportType)\(transportCompany)\routes:sapi-first-coach-configTest" doc:id="ffac141f-a8c2-47d0-8fe6-358e832da4fa" description="Test">
		<munit:behavior >
			<munit-tools:mock-when doc:name="Mock when" doc:id="474d547e-ceca-4532-a034-457d660c290c" processor="http:request">
				<munit-tools:with-attributes >
					<munit-tools:with-attribute whereValue="UnitTest001" attributeName="correlationId" />
				</munit-tools:with-attributes>
			</munit-tools:mock-when>
		</munit:behavior>
		<munit:execution >
			<munit:set-event doc:name="Set Event" doc:id="2ff4f127-e1cd-4fc1-8a6c-06fafa93d61f" >
				<munit:attributes value="#[{&#10;	headers:&#10;		{ 'x-correlation-id' :  'UnitTes001'}&#10;}]" />
			</munit:set-event>
			<flow-ref doc:name="Flow-ref to get:\(transportType)\(transportCompany)\routes:sapi-first-coach-config" doc:id="ddb3c434-171a-42d8-829f-c9a965d848d4" name="get:\(transportType)\(transportCompany)\routes:sapi-first-coach-config"/>
		</munit:execution>
		<munit:validation >
			<munit-tools:assert-equals doc:name="Assert equals" doc:id="f3ea0852-57c6-44e9-9db9-910e5a4a7d95" actual="#[payload]" expected="#['']"/>
		</munit:validation>
	</munit:test>
	<munit:test name="new-test-suite-get:\(transportType)\(transportCompany)\schedules:sapi-first-coach-configTest" doc:id="51675901-63fe-4117-8897-fc7a3213ff80" description="Test">
		<munit:execution >
			<flow-ref doc:name="Flow-ref to get:\(transportType)\(transportCompany)\schedules:sapi-first-coach-config" doc:id="6e3345fc-269a-496c-8985-a2eb641075f0" name="get:\(transportType)\(transportCompany)\schedules:sapi-first-coach-config"/>
		</munit:execution>
	</munit:test>


</mule>
