<?xml version="1.0" encoding="UTF-8"?>

<mule xmlns:ee="http://www.mulesoft.org/schema/mule/ee/core"
	xmlns:xsi="http://www.w3.org/2001/XMLSchema-instance" xmlns:munit="http://www.mulesoft.org/schema/mule/munit"
	xmlns:munit-tools="http://www.mulesoft.org/schema/mule/munit-tools" xmlns="http://www.mulesoft.org/schema/mule/core"
	xmlns:doc="http://www.mulesoft.org/schema/mule/documentation" xsi:schemaLocation="
		http://www.mulesoft.org/schema/mule/core http://www.mulesoft.org/schema/mule/core/current/mule.xsd
		http://www.mulesoft.org/schema/mule/munit http://www.mulesoft.org/schema/mule/munit/current/mule-munit.xsd
		http://www.mulesoft.org/schema/mule/munit-tools  http://www.mulesoft.org/schema/mule/munit-tools/current/mule-munit-tools.xsd
http://www.mulesoft.org/schema/mule/ee/core http://www.mulesoft.org/schema/mule/ee/core/current/mule-ee.xsd">
	<munit:config name="new-test-suite-schedules.xml" />
	<munit:test name="test-suite-schedules-get:\(transportType)\(transportCompany)\schedules:sapi-first-coach-configTest" doc:id="51675901-63fe-4117-8897-fc7a3213ff80" description="TTest Schedules 001">
		<munit:behavior>
			<munit-tools:mock-when doc:name="Mock when" doc:id="c66baad5-a531-4c29-bc52-c134c2e8024e" processor="http:request">
				<munit-tools:with-attributes >
					<munit-tools:with-attribute whereValue="UnitTest-Schedules-001" attributeName="correlationId" />
				</munit-tools:with-attributes>
				<munit-tools:then-return >
					<munit-tools:payload value="#[output application/json --- readUrl('classpath://first-coach-api-schedules.response.json', 'application/json')]" />
				</munit-tools:then-return>
			</munit-tools:mock-when>
		</munit:behavior>
		<munit:execution >
			<munit:set-event doc:name="Set Event" doc:id="5ad09e5e-9519-49b2-9c76-7654c659408e" >
				<munit:attributes value="#[{&#10;	headers:&#10;		{ 'x-correlation-id' :  'UnitTest-Schedules-001'},&#10;	queryParams:&#10;		{ 'departureLocationCode' :  'PER-AU', 'departureLocationCode' :  'MEL-AU'},&#10;}]" />
			</munit:set-event>
			<flow-ref doc:name="Flow-ref to get:\(transportType)\(transportCompany)\schedules:sapi-first-coach-config" doc:id="6e3345fc-269a-496c-8985-a2eb641075f0" name="get:\(transportType)\(transportCompany)\schedules:sapi-first-coach-config"/>
		</munit:execution>
		<munit:validation >
			<ee:transform doc:name="Transform Message" doc:id="8d0ede06-e6f1-46d4-a070-a3d44086dd7e" >
				<ee:message >
					<ee:set-payload ><![CDATA[%dw 2.0
output application/java
---
payload]]></ee:set-payload>
				</ee:message>
			</ee:transform>
			<munit-tools:assert-equals doc:name="Assert equals" doc:id="ec7855eb-9651-4d85-9c2f-9d299455b7ad" expected="#[output application/java --- readUrl('classpath://first-coach-sapi-schedules-response.json', 'application/json')]" actual="#[payload]"/>
		</munit:validation>
	</munit:test>


</mule>
